=== Phase 0: Audit files ===
=== Running scan_files.py ===
Top-level directories detected: 1

Files processed: 57,730
Total time: 20.05 seconds
Average speed: 2879 files/s
CSV saved to: /app/resources/csv/file_audit.csv
scan_files.py completed successfully.
=== Running mark_pdf_ocr.py ===
OCR flags updated in /app/resources/csv/file_audit_ocr.csv
mark_pdf_ocr.py completed successfully.
=== Running generate_audit_report.py ===
Audit summary generated: /app/resources/reports/audit_summary.csv
generate_audit_report.py completed successfully.
=== Phase 0 completed ===
=== Phase 1: Populate DB and calculate hashes ===
=== Running populate_db.py ===
Database populated with metadata and OCR flags
populate_db.py completed successfully.
=== Running hash_files.py ===
Calculating xxhash64 for 38230 files...
xxhash 100/38230
xxhash 200/38230
xxhash 300/38230
xxhash 400/38230
xxhash 500/38230
xxhash 600/38230
xxhash 700/38230
xxhash 800/38230
xxhash 900/38230
xxhash 1000/38230
xxhash 1100/38230
xxhash 1200/38230
xxhash 1300/38230
xxhash 1400/38230
xxhash 1500/38230
xxhash 1600/38230
xxhash 1700/38230
xxhash 1800/38230
xxhash 1900/38230
xxhash 2000/38230
xxhash 2100/38230
xxhash 2200/38230
xxhash 2300/38230
xxhash 2400/38230
xxhash 2500/38230
xxhash 2600/38230
xxhash 2700/38230
xxhash 2800/38230
xxhash 2900/38230
xxhash 3000/38230
xxhash 3100/38230
xxhash 3200/38230
xxhash 3300/38230
xxhash 3400/38230
xxhash 3500/38230
xxhash 3600/38230
xxhash 3700/38230
xxhash 3800/38230
xxhash 3900/38230
xxhash 4000/38230
xxhash 4100/38230
xxhash 4200/38230
xxhash 4300/38230
xxhash 4400/38230
xxhash 4500/38230
xxhash 4600/38230
xxhash 4700/38230
xxhash 4800/38230
xxhash 4900/38230
xxhash 5000/38230
xxhash 5100/38230
xxhash 5200/38230
xxhash 5300/38230
xxhash 5400/38230
xxhash 5500/38230
xxhash 5600/38230
xxhash 5700/38230
xxhash 5800/38230
xxhash 5900/38230
xxhash 6000/38230
xxhash 6100/38230
xxhash 6200/38230
xxhash 6300/38230
xxhash 6400/38230
xxhash 6500/38230
xxhash 6600/38230
xxhash 6700/38230
xxhash 6800/38230
xxhash 6900/38230
xxhash 7000/38230
xxhash 7100/38230
xxhash 7200/38230
xxhash 7300/38230
xxhash 7400/38230
xxhash 7500/38230
xxhash 7600/38230
xxhash 7700/38230
xxhash 7800/38230
xxhash 7900/38230
xxhash 8000/38230
xxhash 8100/38230
xxhash 8200/38230
xxhash 8300/38230
xxhash 8400/38230
xxhash 8500/38230
xxhash 8600/38230
xxhash 8700/38230
xxhash 8800/38230
xxhash 8900/38230
xxhash 9000/38230
xxhash 9100/38230
xxhash 9200/38230
xxhash 9300/38230
xxhash 9400/38230
xxhash 9500/38230
xxhash 9600/38230
xxhash 9700/38230
xxhash 9800/38230
xxhash 9900/38230
xxhash 10000/38230
xxhash 10100/38230
xxhash 10200/38230
xxhash 10300/38230
xxhash 10400/38230
xxhash 10500/38230
xxhash 10600/38230
xxhash 10700/38230
xxhash 10800/38230
xxhash 10900/38230
xxhash 11000/38230
xxhash 11100/38230
xxhash 11200/38230
xxhash 11300/38230
xxhash 11400/38230
xxhash 11500/38230
xxhash 11600/38230
xxhash 11700/38230
xxhash 11800/38230
xxhash 11900/38230
xxhash 12000/38230
xxhash 12100/38230
xxhash 12200/38230
xxhash 12300/38230
xxhash 12400/38230
xxhash 12500/38230
xxhash 12600/38230
xxhash 12700/38230
xxhash 12800/38230
xxhash 12900/38230
xxhash 13000/38230
xxhash 13100/38230
xxhash 13200/38230
xxhash 13300/38230
xxhash 13400/38230
xxhash 13500/38230
xxhash 13600/38230
xxhash 13700/38230
xxhash 13800/38230
xxhash 13900/38230
xxhash 14000/38230
xxhash 14100/38230
xxhash 14200/38230
xxhash 14300/38230
xxhash 14400/38230
xxhash 14500/38230
xxhash 14600/38230
xxhash 14700/38230
xxhash 14800/38230
xxhash 14900/38230
xxhash 15000/38230
xxhash 15100/38230
xxhash 15200/38230
xxhash 15300/38230
xxhash 15400/38230
xxhash 15500/38230
xxhash 15600/38230
xxhash 15700/38230
xxhash 15800/38230
xxhash 15900/38230
xxhash 16000/38230
xxhash 16100/38230
xxhash 16200/38230
xxhash 16300/38230
xxhash 16400/38230
xxhash 16500/38230
xxhash 16600/38230
xxhash 16700/38230
xxhash 16800/38230
xxhash 16900/38230
xxhash 17000/38230
xxhash 17100/38230
xxhash 17200/38230
xxhash 17300/38230
xxhash 17400/38230
xxhash 17500/38230
xxhash 17600/38230
xxhash 17700/38230
xxhash 17800/38230
xxhash 17900/38230
xxhash 18000/38230
xxhash 18100/38230
xxhash 18200/38230
xxhash 18300/38230
xxhash 18400/38230
xxhash 18500/38230
xxhash 18600/38230
xxhash 18700/38230
xxhash 18800/38230
xxhash 18900/38230
xxhash 19000/38230
xxhash 19100/38230
xxhash 19200/38230
xxhash 19300/38230
xxhash 19400/38230
xxhash 19500/38230
xxhash 19600/38230
xxhash 19700/38230
xxhash 19800/38230
xxhash 19900/38230
xxhash 20000/38230
xxhash 20100/38230
xxhash 20200/38230
xxhash 20300/38230
xxhash 20400/38230
xxhash 20500/38230
xxhash 20600/38230
xxhash 20700/38230
xxhash 20800/38230
xxhash 20900/38230
xxhash 21000/38230
xxhash 21100/38230
xxhash 21200/38230
xxhash 21300/38230
xxhash 21400/38230
xxhash 21500/38230
xxhash 21600/38230
xxhash 21700/38230
xxhash 21800/38230
xxhash 21900/38230
xxhash 22000/38230
xxhash 22100/38230
xxhash 22200/38230
xxhash 22300/38230
xxhash 22400/38230
xxhash 22500/38230
xxhash 22600/38230
xxhash 22700/38230
xxhash 22800/38230
xxhash 22900/38230
xxhash 23000/38230
xxhash 23100/38230
xxhash 23200/38230
xxhash 23300/38230
xxhash 23400/38230
xxhash 23500/38230
xxhash 23600/38230
xxhash 23700/38230
xxhash 23800/38230
xxhash 23900/38230
xxhash 24000/38230
xxhash 24100/38230
xxhash 24200/38230
xxhash 24300/38230
xxhash 24400/38230
xxhash 24500/38230
xxhash 24600/38230
xxhash 24700/38230
xxhash 24800/38230
xxhash 24900/38230
xxhash 25000/38230
xxhash 25100/38230
xxhash 25200/38230
xxhash 25300/38230
xxhash 25400/38230
xxhash 25500/38230
xxhash 25600/38230
xxhash 25700/38230
xxhash 25800/38230
xxhash 25900/38230
xxhash 26000/38230
xxhash 26100/38230
xxhash 26200/38230
xxhash 26300/38230
xxhash 26400/38230
xxhash 26500/38230
xxhash 26600/38230
xxhash 26700/38230
xxhash 26800/38230
xxhash 26900/38230
xxhash 27000/38230
xxhash 27100/38230
xxhash 27200/38230
xxhash 27300/38230
xxhash 27400/38230
xxhash 27500/38230
xxhash 27600/38230
xxhash 27700/38230
xxhash 27800/38230
xxhash 27900/38230
xxhash 28000/38230
xxhash 28100/38230
xxhash 28200/38230
xxhash 28300/38230
xxhash 28400/38230
xxhash 28500/38230
xxhash 28600/38230
xxhash 28700/38230
xxhash 28800/38230
xxhash 28900/38230
xxhash 29000/38230
xxhash 29100/38230
xxhash 29200/38230
xxhash 29300/38230
xxhash 29400/38230
xxhash 29500/38230
xxhash 29600/38230
xxhash 29700/38230
xxhash 29800/38230
xxhash 29900/38230
xxhash 30000/38230
xxhash 30100/38230
xxhash 30200/38230
xxhash 30300/38230
xxhash 30400/38230
xxhash 30500/38230
xxhash 30600/38230
xxhash 30700/38230
xxhash 30800/38230
xxhash 30900/38230
xxhash 31000/38230
xxhash 31100/38230
xxhash 31200/38230
xxhash 31300/38230
xxhash 31400/38230
xxhash 31500/38230
xxhash 31600/38230
xxhash 31700/38230
xxhash 31800/38230
xxhash 31900/38230
xxhash 32000/38230
xxhash 32100/38230
xxhash 32200/38230
xxhash 32300/38230
xxhash 32400/38230
xxhash 32500/38230
xxhash 32600/38230
xxhash 32700/38230
xxhash 32800/38230
xxhash 32900/38230
xxhash 33000/38230
xxhash 33100/38230
xxhash 33200/38230
xxhash 33300/38230
xxhash 33400/38230
xxhash 33500/38230
xxhash 33600/38230
xxhash 33700/38230
xxhash 33800/38230
xxhash 33900/38230
xxhash 34000/38230
xxhash 34100/38230
xxhash 34200/38230
xxhash 34300/38230
xxhash 34400/38230
xxhash 34500/38230
xxhash 34600/38230
xxhash 34700/38230
xxhash 34800/38230
xxhash 34900/38230
xxhash 35000/38230
xxhash 35100/38230
xxhash 35200/38230
xxhash 35300/38230
xxhash 35400/38230
xxhash 35500/38230
xxhash 35600/38230
xxhash 35700/38230
xxhash 35800/38230
xxhash 35900/38230
xxhash 36000/38230
xxhash 36100/38230
xxhash 36200/38230
xxhash 36300/38230
xxhash 36400/38230
xxhash 36500/38230
xxhash 36600/38230
xxhash 36700/38230
xxhash 36800/38230
xxhash 36900/38230
xxhash 37000/38230
xxhash 37100/38230
xxhash 37200/38230
xxhash 37300/38230
xxhash 37400/38230
xxhash 37500/38230
xxhash 37600/38230
xxhash 37700/38230
xxhash 37800/38230
xxhash 37900/38230
xxhash 38000/38230
xxhash 38100/38230
xxhash 38200/38230
Detected 6498 xxhash collisions.
Calculating sha256 for 13662 colliding files...
Hashing completed (xxhash + sha256 on collision).
hash_files.py completed successfully.
=== Phase 1 completed ===
=== Phase 0: Audit files ===
=== Running scan_files.py ===
Top-level directories detected: 1

Files processed: 57,730
Total time: 19.13 seconds
Average speed: 3018 files/s
CSV saved to: /app/resources/csv/file_audit.csv
scan_files.py completed successfully.
=== Running mark_pdf_ocr.py ===
OCR flags updated in /app/resources/csv/file_audit_ocr.csv
mark_pdf_ocr.py completed successfully.
=== Running generate_audit_report.py ===
Audit summary generated: /app/resources/reports/audit_summary.csv
generate_audit_report.py completed successfully.
=== Phase 0 completed ===
=== Phase 1: Populate DB and calculate hashes ===
=== Running generate_phase1_report.py ===
WARNING: generate_phase1_report.py exited with code 256
=== Phase 1 completed ===
=== Phase 1: Populate DB and calculate hashes ===
=== Running generate_phase1_report.py ===
WARNING: generate_phase1_report.py exited with code 256
=== Phase 1 completed ===
=== Phase 1 ===
=== Running generate_phase1_report.py ===
WARNING: generate_phase1_report.py exited with code 256
=== Phase 1 completed ===
=== Phase 1 ===
=== Running generate_phase1_report.py ===
WARNING: generate_phase1_report.py exited with code 256
=== Phase 1 completed ===
=== Phase 1 ===
=== Running generate_phase1_report.py ===
WARNING: generate_phase1_report.py exited with code 256
=== Phase 1 completed ===
=== Phase 1 ===
=== Running generate_phase1_report.py ===
WARNING: generate_phase1_report.py exited with code 256
=== Phase 1 completed ===
=== Phase 1 ===
=== Running generate_phase1_report.py ===
WARNING: generate_phase1_report.py exited with code 256
=== Phase 1 completed ===
=== Phase 1 ===
=== Running generate_phase1_report.py ===
WARNING: generate_phase1_report.py exited with code 256
=== Phase 1 completed ===
=== Phase 1 ===
=== Running generate_phase1_report.py ===
WARNING: generate_phase1_report.py exited with code 256
=== Phase 1 completed ===
=== Phase 1 ===
=== Running generate_phase1_report.py ===
WARNING: generate_phase1_report.py exited with code 256
=== Phase 1 completed ===
=== Phase 1 ===
=== Running generate_phase1_report.py ===
WARNING: generate_phase1_report.py exited with code 256
=== Phase 1 completed ===
=== Phase 1 ===
=== Running generate_phase1_report.py ===
WARNING: generate_phase1_report.py exited with code 256
=== Phase 1 completed ===
=== Phase 1 ===
=== Running generate_phase1_report.py ===
WARNING: generate_phase1_report.py exited with code 256
=== Phase 1 completed ===
=== Phase 1 ===
=== Running generate_phase1_report.py ===
WARNING: generate_phase1_report.py exited with code 256
=== Phase 1 completed ===
=== Phase 1 ===
=== Running generate_phase1_report.py ===
WARNING: generate_phase1_report.py exited with code 256
=== Phase 1 completed ===
=== Phase 1 ===
=== Running generate_phase1_report.py ===
WARNING: generate_phase1_report.py exited with code 256
=== Phase 1 completed ===
=== Phase 1 ===
=== Running generate_phase1_report.py ===
WARNING: generate_phase1_report.py exited with code 256
=== Phase 1 completed ===
=== Phase 1 ===
=== Running generate_phase1_report.py ===
WARNING: generate_phase1_report.py exited with code 256
=== Phase 1 completed ===
=== Phase 1 ===
=== Running generate_phase1_report.py ===
WARNING: generate_phase1_report.py exited with code 256
=== Phase 1 completed ===
=== Phase 1 ===
=== Running generate_phase1_report.py ===
WARNING: generate_phase1_report.py exited with code 256
=== Phase 1 completed ===
=== Phase 1 ===
=== Running generate_phase1_report.py ===
WARNING: generate_phase1_report.py exited with code 256
=== Phase 1 completed ===
=== Phase 1 ===
=== Running generate_phase1_report.py ===
WARNING: generate_phase1_report.py exited with code 256
=== Phase 1 completed ===
=== Phase 1 ===
=== Running generate_phase1_report.py ===
WARNING: generate_phase1_report.py exited with code 256
=== Phase 1 completed ===
=== Phase 1 ===
=== Running generate_phase1_report.py ===
WARNING: generate_phase1_report.py exited with code 256
=== Phase 1 completed ===
=== Phase 1 ===
=== Running generate_phase1_report.py ===
WARNING: generate_phase1_report.py exited with code 256
=== Phase 1 completed ===
=== Phase 1 ===
=== Running generate_phase1_report.py ===
WARNING: generate_phase1_report.py exited with code 256
=== Phase 1 completed ===
=== Phase 1 ===
=== Running generate_phase1_report.py ===
WARNING: generate_phase1_report.py exited with code 256
=== Phase 1 completed ===
=== Phase 1 ===
=== Running generate_phase1_report.py ===
WARNING: generate_phase1_report.py exited with code 256
=== Phase 1 completed ===
=== Phase 1 ===
=== Running generate_phase_1_report.py ===
✅ Connected to DB on attempt 1
Generating Phase 1 report on duplicates...
Found 7604 duplicate groups involving 16562 files.
CSV report saved to /app/resources/reports/duplicates_summary.csv
=== Phase 1 duplicates summary ===
Duplicate groups: 7604
Total files involved in duplicates: 16562
Largest duplicate group: 17 files, xxhash64=111aa144a65aab83
Phase 1 report generation completed ✅
generate_phase_1_report.py completed successfully.
=== Phase 1 completed ===
=== Phase 1 ===
=== Running generate_phase_1_report.py ===
WARNING: generate_phase_1_report.py exited with code 256
=== Phase 1 completed ===
✅ Connected to DB on attempt 1
Generating Phase 1 report on duplicates...
Found 7604 duplicate groups involving 16562 files.
CSV report saved to /app/resources/csv/duplicates_summary.csv
=== Phase 1 duplicates summary ===
Duplicate groups: 7604
Total files involved in duplicates: 16562
Largest duplicate group: 17 files, xxhash64=111aa144a65aab83
Phase 1 report generation completed ✅
❌ Fatal error in generate_phase1_report
name 'REPORT_DIR' is not defined
✅ Connected to DB on attempt 1
Generating Phase 1 report on duplicates...
Found 7604 duplicate groups involving 16562 files.
CSV report saved to /app/resources/csv/duplicates_summary.csv
=== Phase 1 duplicates summary ===
Duplicate groups: 7604
Total files involved in duplicates: 16562
Largest duplicate group: 17 files, xxhash64=111aa144a65aab83
Phase 1 report generation completed ✅
❌ Fatal error in generate_phase1_report
name 'largest_group' is not defined
✅ Connected to DB on attempt 1
Generating Phase 1 report on duplicates...
Found 7604 duplicate groups involving 16562 files.
CSV report saved to /app/resources/csv/duplicates_summary.csv
=== Phase 1 duplicates summary ===
Duplicate groups: 7604
Total files involved in duplicates: 16562
Largest duplicate group: 17 files, xxhash64=111aa144a65aab83
Human-readable report saved to /app/resources/reports/phase_1_summary.txt
Phase 1 report generation completed ✅
✅ Connected to DB on attempt 1
Generating Phase 1 report on duplicates...
Found 7604 duplicate groups involving 16562 files.
CSV report saved to /app/resources/csv/duplicates_summary.csv
=== Phase 1 duplicates summary ===
Duplicate groups: 7604
Total files involved in duplicates: 16562
Largest duplicate group: 17 files, xxhash64=111aa144a65aab83
Human-readable report saved to /app/resources/reports/phase_1_summary.csv
Phase 1 report generation completed ✅
Phase 1 report generation completed ✅
Phase 1 report generation completed successfully.
=== Phase 1 ===
=== Running generate_phase_1_report.py ===
Phase 1 report generation completed successfully.
generate_phase_1_report.py completed successfully.
=== Phase 1 completed ===
=== Phase 1 ===
=== Running generate_phase_1_report.py ===
Phase 1 report generation completed successfully.
generate_phase_1_report.py completed successfully.
=== Phase 1 completed ===
=== Phase 1 ===
=== Running generate_phase_1_report.py ===
Phase 1 report generated: /app/resources/reports/phase_1_summary.csv
generate_phase_1_report.py completed successfully.
=== Phase 1 completed ===
=== Phase 1 ===
=== Running generate_phase_1_report.py ===
Phase 1 report generated: /app/resources/reports/phase_1_summary.csv
generate_phase_1_report.py completed successfully.
=== Phase 1 completed ===
=== Phase 1 ===
=== Running generate_phase_1_report.py ===
Phase 1 report generated: /app/resources/reports/phase_1_summary.csv
generate_phase_1_report.py completed successfully.
=== Phase 1 completed ===
